2026-06-13 13:21:21:2121 [35mhttp[39m: [35mGET /api/v1/resumes/cmp8hyvx70001i4hg8g5w5i6v[39m
2026-06-13 13:21:21:2121 [36mdebug[39m: [36mFetching resume[39m
2026-06-13 13:21:21:2121 [31merror[39m: [31mError fetching resume by id[39m
2026-06-13 13:21:21:2121 [31merror[39m: [31mFailed to get resume cmp8hyvx70001i4hg8g5w5i6v[39m
2026-06-13 13:22:31:2231 [36mdebug[39m: [36mFetching resume[39m
2026-06-13 13:22:31:2231 [36mdebug[39m: [36mRetrieved resumes[39m
2026-06-13 13:25:38:2538 [35mhttp[39m: [35mGET /api/v1/resumes/cmp4j012v0000i4m8m7qdbrr4[39m
2026-06-13 13:25:38:2538 [36mdebug[39m: [36mFetching resume[39m
2026-06-13 13:25:38:2538 [31merror[39m: [31mError fetching resume by id[39m
2026-06-13 13:25:38:2538 [31merror[39m: [31mFailed to get resume cmp4j012v0000i4m8m7qdbrr4[39m
2026-06-13 13:26:32:2632 [35mhttp[39m: [35mGET /api/v1/resumes/cmp8hyvx70001i4hg8g5w5i6v[39m
2026-06-13 13:26:32:2632 [36mdebug[39m: [36mFetching resume[39m
2026-06-13 13:26:32:2632 [31merror[39m: [31mError fetching resume by id[39m
2026-06-13 13:26:32:2632 [31merror[39m: [31mFailed to get resume cmp8hyvx70001i4hg8g5w5i6v[39m
2026-06-13 13:27:15:2715 [36mdebug[39m: [36mFetching resume[39m
2026-06-13 13:27:15:2715 [36mdebug[39m: [36mRetrieved resumes[39m
2026-06-13 13:27:26:2726 [35mhttp[39m: [35mGET /api/v1/resumes/cmp8hyvx70001i4hg8g5w5i6v[39m
2026-06-13 13:27:26:2726 [33mwarn[39m: [33mAuth failed for resume GET cmp8hyvx70001i4hg8g5w5i6v[39m
2026-06-13 13:31:46:3146 [36mdebug[39m: [36mFetching resume[39m
2026-06-13 13:31:46:3146 [36mdebug[39m: [36mRetrieved resumes[39m
2026-06-13 13:32:12:3212 [35mhttp[39m: [35mGET /api/v1/resumes/cmp8hyvx70001i4hg8g5w5i6v[39m
2026-06-13 13:32:12:3212 [36mdebug[39m: [36mFetching resume[39m
2026-06-13 13:32:12:3212 [31merror[39m: [31mError fetching resume by id[39m
2026-06-13 13:32:12:3212 [31merror[39m: [31mFailed to get resume cmp8hyvx70001i4hg8g5w5i6v[39m
2026-06-13 13:33:51:3351 [36mdebug[39m: [36mFetching resume[39m
2026-06-13 13:33:51:3351 [36mdebug[39m: [36mRetrieved resumes[39m
2026-06-13 13:34:26:3426 [35mhttp[39m: [35mGET /api/v1/resumes/cmp8hyvx70001i4hg8g5w5i6v[39m
2026-06-13 13:34:26:3426 [36mdebug[39m: [36mFetching resume[39m
2026-06-13 13:34:26:3426 [31merror[39m: [31mError fetching resume by id[39m
2026-06-13 13:34:26:3426 [31merror[39m: [31mFailed to get resume cmp8hyvx70001i4hg8g5w5i6v[39m
{"level":"http","message":"GET /api/v1/resumes/cmp8hyvx70001i4hg8g5w5i6v","organizationId":"cmp4j012v0000i4m8m7qdbrr4","timestamp":"2026-06-13 13:41:50:736"}
{"level":"debug","message":"Fetching resume","organizationId":"cmp4j012v0000i4m8m7qdbrr4","resumeId":"cmp8hyvx70001i4hg8g5w5i6v","timestamp":"2026-06-13 13:41:50:742"}
{"error":{"clientVersion":"6.16.2","name":"PrismaClientValidationError"},"level":"error","message":"Error fetching resume by id","organizationId":"cmp4j012v0000i4m8m7qdbrr4","resumeId":"cmp8hyvx70001i4hg8g5w5i6v","timestamp":"2026-06-13 13:41:50:757"}
{"error":"INTERNAL_ERROR","level":"error","message":"Failed to get resume cmp8hyvx70001i4hg8g5w5i6v","organizationId":"cmp4j012v0000i4m8m7qdbrr4","timestamp":"2026-06-13 13:41:50:767"}
{"includeMaster":true,"level":"debug","message":"Fetching resume","organizationId":"cmp4j012v0000i4m8m7qdbrr4","timestamp":"2026-06-13 13:52:16:645"}
{"count":1,"level":"debug","message":"Retrieved resumes","organizationId":"cmp4j012v0000i4m8m7qdbrr4","timestamp":"2026-06-13 13:52:16:675"}
{"level":"http","message":"GET /api/v1/resumes/cmp8hyvx70001i4hg8g5w5i6v","organizationId":null,"timestamp":"2026-06-13 13:52:30:823"}
{"level":"warn","message":"Auth failed for resume GET cmp8hyvx70001i4hg8g5w5i6v","organizationId":null,"timestamp":"2026-06-13 13:52:30:824"}
{"level":"http","message":"GET /api/v1/resumes/cmp8hyvx70001i4hg8g5w5i6v","organizationId":null,"timestamp":"2026-06-13 13:52:43:472"}
{"level":"warn","message":"Auth failed for resume GET cmp8hyvx70001i4hg8g5w5i6v","organizationId":null,"timestamp":"2026-06-13 13:52:43:475"}
{"level":"http","message":"GET /api/v1/resumes/cmp8hyvx70001i4hg8g5w5i6v","organizationId":"cmp4j012v0000i4m8m7qdbrr4","timestamp":"2026-06-13 13:53:15:701"}
{"level":"debug","message":"Fetching resume","organizationId":"cmp4j012v0000i4m8m7qdbrr4","resumeId":"cmp8hyvx70001i4hg8g5w5i6v","timestamp":"2026-06-13 13:53:15:703"}
{"level":"info","message":"Resume retrieved","organizationId":"cmp4j012v0000i4m8m7qdbrr4","resumeId":"cmp8hyvx70001i4hg8g5w5i6v","timestamp":"2026-06-13 13:53:15:724"}
